<?xml version="1.0" encoding="UTF-8"?>
<testng-results ignored="0" total="1" passed="1" failed="0" skipped="0">
  <reporter-output>
  </reporter-output>
  <suite started-at="2023-11-23T23:55:47Z" name="Suite" finished-at="2023-11-23T23:55:49Z" duration-ms="2471">
    <groups>
    </groups>
    <test started-at="2023-11-23T23:55:47Z" name="Test" finished-at="2023-11-23T23:55:49Z" duration-ms="2471">
      <class name="com.todo.tests.AddTodoTest">
        <test-method is-config="true" signature="setupTest(java.lang.String)[pri:0, instance:com.todo.tests.AddTodoTest@61d6015a]" started-at="2023-11-24T00:55:47Z" name="setupTest" finished-at="2023-11-24T00:55:49Z" duration-ms="2167" status="PASS">
          <params>
            <param index="0">
              <value>
                <![CDATA[chrome]]>
              </value>
            </param>
          </params>
          <reporter-output>
          </reporter-output>
        </test-method> <!-- setupTest -->
        <test-method signature="iCanAddTodo()[pri:1, instance:com.todo.tests.AddTodoTest@61d6015a]" started-at="2023-11-24T00:55:49Z" name="iCanAddTodo" finished-at="2023-11-24T00:55:49Z" duration-ms="105" status="PASS">
          <reporter-output>
          </reporter-output>
        </test-method> <!-- iCanAddTodo -->
        <test-method is-config="true" signature="cleanTest()[pri:0, instance:com.todo.tests.AddTodoTest@61d6015a]" started-at="2023-11-24T00:55:49Z" name="cleanTest" finished-at="2023-11-24T00:55:49Z" duration-ms="189" status="PASS">
          <reporter-output>
          </reporter-output>
        </test-method> <!-- cleanTest -->
      </class> <!-- com.todo.tests.AddTodoTest -->
    </test> <!-- Test -->
  </suite> <!-- Suite -->
</testng-results>
